#
# There is insufficient memory for the Java Runtime Environment to continue.
# Native memory allocation (malloc) failed to allocate 1048576 bytes for AllocateHeap
# Possible reasons:
#   The system is out of physical RAM or swap space
#   In 32 bit mode, the process size limit was hit
# Possible solutions:
#   Reduce memory load on the system
#   Increase physical memory or swap space
#   Check if swap backing store is full
#   Use 64 bit Java on a 64 bit OS
#   Decrease Java heap size (-Xmx/-Xms)
#   Decrease number of Java threads
#   Decrease Java thread stack sizes (-Xss)
#   Set larger code cache with -XX:ReservedCodeCacheSize=
# This output file may be truncated or incomplete.
#
#  Out of Memory Error (memory/allocation.inline.hpp:61), pid=28124, tid=22868
#
# JRE version:  (8.0_91-b14) (build )
# Java VM: Java HotSpot(TM) 64-Bit Server VM (25.91-b14 mixed mode windows-amd64 compressed oops)
# Failed to write core dump. Minidumps are not enabled by default on client versions of Windows
#

---------------  T H R E A D  ---------------

Current thread (0x0000000003230800):  JavaThread "Unknown thread" [_thread_in_vm, id=22868, stack(0x0000000003130000,0x0000000003230000)]

Stack: [0x0000000003130000,0x0000000003230000]
[error occurred during error reporting (printing stack bounds), id 0xc0000005]

Native frames: (J=compiled Java code, j=interpreted, Vv=VM code, C=native code)


---------------  P R O C E S S  ---------------

Java Threads: ( => current thread )

Other Threads:

=>0x0000000003230800 (exited) JavaThread "Unknown thread" [_thread_in_vm, id=22868, stack(0x0000000003130000,0x0000000003230000)]

VM state:not at safepoint (normal execution)

VM Mutex/Monitor currently owned by a thread: None

Heap:
 PSYoungGen      total 37888K, used 655K [0x00000000d6180000, 0x00000000d8b80000, 0x0000000100000000)
  eden space 32768K, 2% used [0x00000000d6180000,0x00000000d6223d80,0x00000000d8180000)
  from space 5120K, 0% used [0x00000000d8680000,0x00000000d8680000,0x00000000d8b80000)
  to   space 5120K, 0% used [0x00000000d8180000,0x00000000d8180000,0x00000000d8680000)
 ParOldGen       total 86016K, used 0K [0x0000000082400000, 0x0000000087800000, 0x00000000d6180000)
  object space 86016K, 0% used [0x0000000082400000,0x0000000082400000,0x0000000087800000)
 Metaspace       used 746K, capacity 4480K, committed 4480K, reserved 1056768K
  class space    used 75K, capacity 384K, committed 384K, reserved 1048576K

Card table byte_map: [0x00000000126f0000,0x0000000012ae0000] byte_map_base: 0x00000000122de000

Marking Bits: (ParMarkBitMap*) 0x0000000067ea2f70
 Begin Bits: [0x0000000013580000, 0x00000000154f0000)
 End Bits:   [0x00000000154f0000, 0x0000000017460000)

Polling page: 0x0000000001390000

CodeCache: size=245760Kb used=328Kb max_used=328Kb free=245431Kb
 bounds [0x0000000003330000, 0x00000000035a0000, 0x0000000012330000]
 total_blobs=58 nmethods=0 adapters=38
 compilation: enabled

Compilation events (0 events):
No events

GC Heap History (0 events):
No events

Deoptimization events (0 events):
No events

Internal exceptions (0 events):
No events

Events (10 events):
Event: 0.020 loading class java/lang/Short
Event: 0.020 loading class java/lang/Short done
Event: 0.020 loading class java/lang/Integer
Event: 0.020 loading class java/lang/Integer done
Event: 0.020 loading class java/lang/Long
Event: 0.020 loading class java/lang/Long done
Event: 0.021 loading class java/lang/NullPointerException
Event: 0.021 loading class java/lang/NullPointerException done
Event: 0.021 loading class java/lang/ArithmeticException
Event: 0.021 loading class java/lang/ArithmeticException done


Dynamic libraries:
0x00007ff7068e0000 - 0x00007ff706917000 	C:\Program Files\Java\jre1.8.0_91\bin\javaw.exe
0x00007ff81d670000 - 0x00007ff81d884000 	C:\WINDOWS\SYSTEM32\ntdll.dll
0x00007ff81bb90000 - 0x00007ff81bc54000 	C:\WINDOWS\System32\KERNEL32.DLL
0x00007ff81af60000 - 0x00007ff81b304000 	C:\WINDOWS\System32\KERNELBASE.dll
0x00007ff81b7c0000 - 0x00007ff81b870000 	C:\WINDOWS\System32\ADVAPI32.dll
0x00007ff81cd00000 - 0x00007ff81cda7000 	C:\WINDOWS\System32\msvcrt.dll
0x00007ff81d110000 - 0x00007ff81d1b6000 	C:\WINDOWS\System32\sechost.dll
0x00007ff81b990000 - 0x00007ff81baa7000 	C:\WINDOWS\System32\RPCRT4.dll
0x00007ff81bd60000 - 0x00007ff81bf0a000 	C:\WINDOWS\System32\USER32.dll
0x00007ff81ab70000 - 0x00007ff81ab96000 	C:\WINDOWS\System32\win32u.dll
0x00007ff81bb60000 - 0x00007ff81bb89000 	C:\WINDOWS\System32\GDI32.dll
0x00007ff81b310000 - 0x00007ff81b429000 	C:\WINDOWS\System32\gdi32full.dll
0x00007ff81aec0000 - 0x00007ff81af5a000 	C:\WINDOWS\System32\msvcp_win.dll
0x00007ff81aa50000 - 0x00007ff81ab61000 	C:\WINDOWS\System32\ucrtbase.dll
0x00007ff808cf0000 - 0x00007ff808f7f000 	C:\WINDOWS\WinSxS\amd64_microsoft.windows.common-controls_6595b64144ccf1df_6.0.22621.2070_none_2713e6537381f706\COMCTL32.dll
0x00007ff81d580000 - 0x00007ff81d5b1000 	C:\WINDOWS\System32\IMM32.DLL
0x0000000067400000 - 0x00000000674d2000 	C:\Program Files\Java\jre1.8.0_91\bin\msvcr100.dll
0x0000000067690000 - 0x0000000067f23000 	C:\Program Files\Java\jre1.8.0_91\bin\server\jvm.dll
0x00007ff81d100000 - 0x00007ff81d108000 	C:\WINDOWS\System32\PSAPI.DLL
0x00007ffffa830000 - 0x00007ffffa864000 	C:\WINDOWS\SYSTEM32\WINMM.dll
0x00007ff80f280000 - 0x00007ff80f28a000 	C:\WINDOWS\SYSTEM32\VERSION.dll
0x00007ff8153f0000 - 0x00007ff8153f9000 	C:\WINDOWS\SYSTEM32\WSOCK32.dll
0x00007ff81b910000 - 0x00007ff81b981000 	C:\WINDOWS\System32\WS2_32.dll
0x00000000675a0000 - 0x00000000675af000 	C:\Program Files\Java\jre1.8.0_91\bin\verify.dll
0x0000000067570000 - 0x0000000067599000 	C:\Program Files\Java\jre1.8.0_91\bin\java.dll
0x0000000067550000 - 0x0000000067566000 	C:\Program Files\Java\jre1.8.0_91\bin\zip.dll

VM Arguments:
jvm_args: -Dfile.encoding=Cp1252 
java_command: bankmanagementsystem.Deposit
java_class_path (initial): F:\Java Project\BankManagementSystem\bin;F:\jcalendar-tz-1.3.3-4.jar;F:\mysql-connector-java-5.1.42-bin.jar
Launcher Type: SUN_STANDARD

Environment Variables:
PATH=C:/Program Files/Java/jre1.8.0_91/bin/server;C:/Program Files/Java/jre1.8.0_91/bin;C:/Program Files/Java/jre1.8.0_91/lib/amd64;C:\Program Files\Common Files\Oracle\Java\javapath;C:\Python311\Scripts\;C:\Python311\;C:\ProgramData\Oracle\Java\javapath;G:\oracle\product\10.2.0\db_1\bin;C:\WINDOWS\system32;C:\WINDOWS;C:\WINDOWS\System32\Wbem;C:\WINDOWS\System32\WindowsPowerShell\v1.0\;C:\WINDOWS\System32\OpenSSH\;C:\Program Files\Java\jdk1.8.0_91\bin;C:\Program Files\dotnet\;C:\ProgramData\chocolatey\bin;C:\Program Files\nodejs\;C:\Program Files\Git\cmd;C:\Users\Asus\AppData\Local\Microsoft\WindowsApps;F:\Microsoft VS Code\bin;C:\Users\Asus\Downloads\flutter_windows_3.3.9-stable\flutter\bin;C:\Users\Asus\Python;C:\Users\Asus\AppData\Roaming\npm;F:\Java Libraries\Eclipse;
USERNAME=Asus
OS=Windows_NT
PROCESSOR_IDENTIFIER=Intel64 Family 6 Model 158 Stepping 10, GenuineIntel



---------------  S Y S T E M  ---------------

OS: Windows 10.0 , 64 bit Build 22621 (10.0.22621.2070)

CPU:total 8 (4 cores per cpu, 2 threads per core) family 6 model 158 stepping 10, cmov, cx8, fxsr, mmx, sse, sse2, sse3, ssse3, sse4.1, sse4.2, popcnt, avx, avx2, aes, clmul, erms, 3dnowpref, lzcnt, ht, tsc, tscinvbit, bmi1, bmi2, adx

Memory: 4k page, physical 8237492k(1001032k free), swap 33403316k(5364k free)

vm_info: Java HotSpot(TM) 64-Bit Server VM (25.91-b14) for windows-amd64 JRE (1.8.0_91-b14), built on Apr  1 2016 00:58:32 by "java_re" with MS VC++ 10.0 (VS2010)

time: Fri Aug 11 20:14:51 2023
elapsed time: 0 seconds (0d 0h 0m 0s)

